data/ivan/tr_decis_n_23_e_485.csv	0	1
data/ivan/tr_decis_n_12_e_270.csv	1	1
data/ivan/tr_decis_n_6_e_476.csv	2	1
data/ivan/tr_decis_n_12_e_294.csv	3	1
data/ivan/tr_decis_n_3_e_487.csv	4	1
data/ivan/tr_decis_n_23_e_418.csv	5	1
data/ivan/tr_decis_n_6_e_410.csv	6	1
data/ivan/tr_decis_n_20_e_445.csv	7	1
data/ivan/tr_decis_n_16_e_268.csv	8	1
data/ivan/tr_decis_n_24_e_361.csv	9	1
data/ivan/tr_decis_n_16_e_425.csv	10	1
data/ivan/tr_decis_n_15_e_249.csv	11	1
data/ivan/tr_decis_n_19_e_439.csv	12	1
data/ivan/tr_decis_n_21_e_229.csv	13	1
data/ivan/tr_decis_n_10_e_271.csv	14	1
data/ivan/val_decis_n_23_e_485.csv	0	2
data/ivan/val_decis_n_12_e_270.csv	1	2
data/ivan/val_decis_n_6_e_476.csv	2	2
data/ivan/val_decis_n_12_e_294.csv	3	2
data/ivan/val_decis_n_3_e_487.csv	4	2
data/ivan/val_decis_n_23_e_418.csv	5	2
data/ivan/val_decis_n_6_e_410.csv	6	2
data/ivan/val_decis_n_20_e_445.csv	7	2
data/ivan/val_decis_n_16_e_268.csv	8	2
data/ivan/val_decis_n_24_e_361.csv	9	2
data/ivan/val_decis_n_16_e_425.csv	10	2
data/ivan/val_decis_n_15_e_249.csv	11	2
data/ivan/val_decis_n_19_e_439.csv	12	2
data/ivan/val_decis_n_21_e_229.csv	13	2
data/ivan/val_decis_n_10_e_271.csv	14	2
